[2022-03-24 00:04:02] local.ERROR: SQLSTATE[HY000]: General error: 1615 Prepared statement needs to be re-prepared (SQL: select * from `jobs` where `queue` = high and ((`reserved_at` is null and `available_at` <= 1648064042) or (`reserved_at` <= 1648063952)) order by `id` asc limit 1 FOR UPDATE SKIP LOCKED) {"exception":"[object] (Illuminate\\Database\\QueryException(code: HY000): SQLSTATE[HY000]: General error: 1615 Prepared statement needs to be re-prepared (SQL: select * from `jobs` where `queue` = high and ((`reserved_at` is null and `available_at` <= 1648064042) or (`reserved_at` <= 1648063952)) order by `id` asc limit 1 FOR UPDATE SKIP LOCKED) at /home2/teraketc/AppCode/vendor/laravel/framework/src/Illuminate/Database/Connection.php:692)
[stacktrace]
#0 /home2/teraketc/AppCode/vendor/laravel/framework/src/Illuminate/Database/Connection.php(652): Illuminate\\Database\\Connection->runQueryCallback('select * from `...', Array, Object(Closure))
#1 /home2/teraketc/AppCode/vendor/laravel/framework/src/Illuminate/Database/Connection.php(360): Illuminate\\Database\\Connection->run('select * from `...', Array, Object(Closure))
#2 /home2/teraketc/AppCode/vendor/laravel/framework/src/Illuminate/Database/Query/Builder.php(2351): Illuminate\\Database\\Connection->select('select * from `...', Array, false)
#3 /home2/teraketc/AppCode/vendor/laravel/framework/src/Illuminate/Database/Query/Builder.php(2339): Illuminate\\Database\\Query\\Builder->runSelect()
#4 /home2/teraketc/AppCode/vendor/laravel/framework/src/Illuminate/Database/Query/Builder.php(2905): Illuminate\\Database\\Query\\Builder->Illuminate\\Database\\Query\\{closure}()
#5 /home2/teraketc/AppCode/vendor/laravel/framework/src/Illuminate/Database/Query/Builder.php(2340): Illuminate\\Database\\Query\\Builder->onceWithColumns(Array, Object(Closure))
#6 /home2/teraketc/AppCode/vendor/laravel/framework/src/Illuminate/Database/Concerns/BuildsQueries.php(257): Illuminate\\Database\\Query\\Builder->get(Array)
#7 /home2/teraketc/AppCode/vendor/laravel/framework/src/Illuminate/Queue/DatabaseQueue.php(241): Illuminate\\Database\\Query\\Builder->first()
#8 /home2/teraketc/AppCode/vendor/laravel/framework/src/Illuminate/Queue/DatabaseQueue.php(219): Illuminate\\Queue\\DatabaseQueue->getNextAvailableJob('high')
#9 /home2/teraketc/AppCode/vendor/laravel/framework/src/Illuminate/Database/Concerns/ManagesTransactions.php(29): Illuminate\\Queue\\DatabaseQueue->Illuminate\\Queue\\{closure}(Object(Illuminate\\Database\\MySqlConnection))
#10 /home2/teraketc/AppCode/vendor/laravel/framework/src/Illuminate/Queue/DatabaseQueue.php(222): Illuminate\\Database\\Connection->transaction(Object(Closure))
#11 /home2/teraketc/AppCode/vendor/laravel/framework/src/Illuminate/Queue/Worker.php(345): Illuminate\\Queue\\DatabaseQueue->pop('high')
#12 /home2/teraketc/AppCode/vendor/laravel/framework/src/Illuminate/Queue/Worker.php(354): Illuminate\\Queue\\Worker->Illuminate\\Queue\\{closure}('high')
#13 /home2/teraketc/AppCode/vendor/laravel/framework/src/Illuminate/Queue/Worker.php(159): Illuminate\\Queue\\Worker->getNextJob(Object(Illuminate\\Queue\\DatabaseQueue), 'high')
#14 /home2/teraketc/AppCode/vendor/laravel/framework/src/Illuminate/Queue/Console/WorkCommand.php(117): Illuminate\\Queue\\Worker->daemon('database', 'high,default,lo...', Object(Illuminate\\Queue\\WorkerOptions))
#15 /home2/teraketc/AppCode/vendor/laravel/framework/src/Illuminate/Queue/Console/WorkCommand.php(101): Illuminate\\Queue\\Console\\WorkCommand->runWorker('database', 'high,default,lo...')
#16 /home2/teraketc/AppCode/vendor/laravel/framework/src/Illuminate/Container/BoundMethod.php(36): Illuminate\\Queue\\Console\\WorkCommand->handle()
#17 /home2/teraketc/AppCode/vendor/laravel/framework/src/Illuminate/Container/Util.php(40): Illuminate\\Container\\BoundMethod::Illuminate\\Container\\{closure}()
#18 /home2/teraketc/AppCode/vendor/laravel/framework/src/Illuminate/Container/BoundMethod.php(93): Illuminate\\Container\\Util::unwrapIfClosure(Object(Closure))
#19 /home2/teraketc/AppCode/vendor/laravel/framework/src/Illuminate/Container/BoundMethod.php(37): Illuminate\\Container\\BoundMethod::callBoundMethod(Object(Illuminate\\Foundation\\Application), Array, Object(Closure))
#20 /home2/teraketc/AppCode/vendor/laravel/framework/src/Illuminate/Container/Container.php(651): Illuminate\\Container\\BoundMethod::call(Object(Illuminate\\Foundation\\Application), Array, Array, NULL)
#21 /home2/teraketc/AppCode/vendor/laravel/framework/src/Illuminate/Console/Command.php(136): Illuminate\\Container\\Container->call(Array)
#22 /home2/teraketc/AppCode/vendor/symfony/console/Command/Command.php(299): Illuminate\\Console\\Command->execute(Object(Symfony\\Component\\Console\\Input\\ArgvInput), Object(Illuminate\\Console\\OutputStyle))
#23 /home2/teraketc/AppCode/vendor/laravel/framework/src/Illuminate/Console/Command.php(121): Symfony\\Component\\Console\\Command\\Command->run(Object(Symfony\\Component\\Console\\Input\\ArgvInput), Object(Illuminate\\Console\\OutputStyle))
#24 /home2/teraketc/AppCode/vendor/symfony/console/Application.php(978): Illuminate\\Console\\Command->run(Object(Symfony\\Component\\Console\\Input\\ArgvInput), Object(Symfony\\Component\\Console\\Output\\ConsoleOutput))
#25 /home2/teraketc/AppCode/vendor/symfony/console/Application.php(295): Symfony\\Component\\Console\\Application->doRunCommand(Object(Illuminate\\Queue\\Console\\WorkCommand), Object(Symfony\\Component\\Console\\Input\\ArgvInput), Object(Symfony\\Component\\Console\\Output\\ConsoleOutput))
#26 /home2/teraketc/AppCode/vendor/symfony/console/Application.php(167): Symfony\\Component\\Console\\Application->doRun(Object(Symfony\\Component\\Console\\Input\\ArgvInput), Object(Symfony\\Component\\Console\\Output\\ConsoleOutput))
#27 /home2/teraketc/AppCode/vendor/laravel/framework/src/Illuminate/Console/Application.php(92): Symfony\\Component\\Console\\Application->run(Object(Symfony\\Component\\Console\\Input\\ArgvInput), Object(Symfony\\Component\\Console\\Output\\ConsoleOutput))
#28 /home2/teraketc/AppCode/vendor/laravel/framework/src/Illuminate/Foundation/Console/Kernel.php(129): Illuminate\\Console\\Application->run(Object(Symfony\\Component\\Console\\Input\\ArgvInput), Object(Symfony\\Component\\Console\\Output\\ConsoleOutput))
#29 /home2/teraketc/AppCode/artisan(37): Illuminate\\Foundation\\Console\\Kernel->handle(Object(Symfony\\Component\\Console\\Input\\ArgvInput), Object(Symfony\\Component\\Console\\Output\\ConsoleOutput))
#30 {main}

[previous exception] [object] (Doctrine\\DBAL\\Driver\\PDO\\Exception(code: HY000): SQLSTATE[HY000]: General error: 1615 Prepared statement needs to be re-prepared at /home2/teraketc/AppCode/vendor/doctrine/dbal/lib/Doctrine/DBAL/Driver/PDO/Exception.php:18)
[stacktrace]
#0 /home2/teraketc/AppCode/vendor/doctrine/dbal/lib/Doctrine/DBAL/Driver/PDOStatement.php(114): Doctrine\\DBAL\\Driver\\PDO\\Exception::new(Object(PDOException))
#1 /home2/teraketc/AppCode/vendor/laravel/framework/src/Illuminate/Database/Connection.php(357): Doctrine\\DBAL\\Driver\\PDOStatement->execute()
#2 /home2/teraketc/AppCode/vendor/laravel/framework/src/Illuminate/Database/Connection.php(685): Illuminate\\Database\\Connection->Illuminate\\Database\\{closure}('select * from `...', Array)
#3 /home2/teraketc/AppCode/vendor/laravel/framework/src/Illuminate/Database/Connection.php(652): Illuminate\\Database\\Connection->runQueryCallback('select * from `...', Array, Object(Closure))
#4 /home2/teraketc/AppCode/vendor/laravel/framework/src/Illuminate/Database/Connection.php(360): Illuminate\\Database\\Connection->run('select * from `...', Array, Object(Closure))
#5 /home2/teraketc/AppCode/vendor/laravel/framework/src/Illuminate/Database/Query/Builder.php(2351): Illuminate\\Database\\Connection->select('select * from `...', Array, false)
#6 /home2/teraketc/AppCode/vendor/laravel/framework/src/Illuminate/Database/Query/Builder.php(2339): Illuminate\\Database\\Query\\Builder->runSelect()
#7 /home2/teraketc/AppCode/vendor/laravel/framework/src/Illuminate/Database/Query/Builder.php(2905): Illuminate\\Database\\Query\\Builder->Illuminate\\Database\\Query\\{closure}()
#8 /home2/teraketc/AppCode/vendor/laravel/framework/src/Illuminate/Database/Query/Builder.php(2340): Illuminate\\Database\\Query\\Builder->onceWithColumns(Array, Object(Closure))
#9 /home2/teraketc/AppCode/vendor/laravel/framework/src/Illuminate/Database/Concerns/BuildsQueries.php(257): Illuminate\\Database\\Query\\Builder->get(Array)
#10 /home2/teraketc/AppCode/vendor/laravel/framework/src/Illuminate/Queue/DatabaseQueue.php(241): Illuminate\\Database\\Query\\Builder->first()
#11 /home2/teraketc/AppCode/vendor/laravel/framework/src/Illuminate/Queue/DatabaseQueue.php(219): Illuminate\\Queue\\DatabaseQueue->getNextAvailableJob('high')
#12 /home2/teraketc/AppCode/vendor/laravel/framework/src/Illuminate/Database/Concerns/ManagesTransactions.php(29): Illuminate\\Queue\\DatabaseQueue->Illuminate\\Queue\\{closure}(Object(Illuminate\\Database\\MySqlConnection))
#13 /home2/teraketc/AppCode/vendor/laravel/framework/src/Illuminate/Queue/DatabaseQueue.php(222): Illuminate\\Database\\Connection->transaction(Object(Closure))
#14 /home2/teraketc/AppCode/vendor/laravel/framework/src/Illuminate/Queue/Worker.php(345): Illuminate\\Queue\\DatabaseQueue->pop('high')
#15 /home2/teraketc/AppCode/vendor/laravel/framework/src/Illuminate/Queue/Worker.php(354): Illuminate\\Queue\\Worker->Illuminate\\Queue\\{closure}('high')
#16 /home2/teraketc/AppCode/vendor/laravel/framework/src/Illuminate/Queue/Worker.php(159): Illuminate\\Queue\\Worker->getNextJob(Object(Illuminate\\Queue\\DatabaseQueue), 'high')
#17 /home2/teraketc/AppCode/vendor/laravel/framework/src/Illuminate/Queue/Console/WorkCommand.php(117): Illuminate\\Queue\\Worker->daemon('database', 'high,default,lo...', Object(Illuminate\\Queue\\WorkerOptions))
#18 /home2/teraketc/AppCode/vendor/laravel/framework/src/Illuminate/Queue/Console/WorkCommand.php(101): Illuminate\\Queue\\Console\\WorkCommand->runWorker('database', 'high,default,lo...')
#19 /home2/teraketc/AppCode/vendor/laravel/framework/src/Illuminate/Container/BoundMethod.php(36): Illuminate\\Queue\\Console\\WorkCommand->handle()
#20 /home2/teraketc/AppCode/vendor/laravel/framework/src/Illuminate/Container/Util.php(40): Illuminate\\Container\\BoundMethod::Illuminate\\Container\\{closure}()
#21 /home2/teraketc/AppCode/vendor/laravel/framework/src/Illuminate/Container/BoundMethod.php(93): Illuminate\\Container\\Util::unwrapIfClosure(Object(Closure))
#22 /home2/teraketc/AppCode/vendor/laravel/framework/src/Illuminate/Container/BoundMethod.php(37): Illuminate\\Container\\BoundMethod::callBoundMethod(Object(Illuminate\\Foundation\\Application), Array, Object(Closure))
#23 /home2/teraketc/AppCode/vendor/laravel/framework/src/Illuminate/Container/Container.php(651): Illuminate\\Container\\BoundMethod::call(Object(Illuminate\\Foundation\\Application), Array, Array, NULL)
#24 /home2/teraketc/AppCode/vendor/laravel/framework/src/Illuminate/Console/Command.php(136): Illuminate\\Container\\Container->call(Array)
#25 /home2/teraketc/AppCode/vendor/symfony/console/Command/Command.php(299): Illuminate\\Console\\Command->execute(Object(Symfony\\Component\\Console\\Input\\ArgvInput), Object(Illuminate\\Console\\OutputStyle))
#26 /home2/teraketc/AppCode/vendor/laravel/framework/src/Illuminate/Console/Command.php(121): Symfony\\Component\\Console\\Command\\Command->run(Object(Symfony\\Component\\Console\\Input\\ArgvInput), Object(Illuminate\\Console\\OutputStyle))
#27 /home2/teraketc/AppCode/vendor/symfony/console/Application.php(978): Illuminate\\Console\\Command->run(Object(Symfony\\Component\\Console\\Input\\ArgvInput), Object(Symfony\\Component\\Console\\Output\\ConsoleOutput))
#28 /home2/teraketc/AppCode/vendor/symfony/console/Application.php(295): Symfony\\Component\\Console\\Application->doRunCommand(Object(Illuminate\\Queue\\Console\\WorkCommand), Object(Symfony\\Component\\Console\\Input\\ArgvInput), Object(Symfony\\Component\\Console\\Output\\ConsoleOutput))
#29 /home2/teraketc/AppCode/vendor/symfony/console/Application.php(167): Symfony\\Component\\Console\\Application->doRun(Object(Symfony\\Component\\Console\\Input\\ArgvInput), Object(Symfony\\Component\\Console\\Output\\ConsoleOutput))
#30 /home2/teraketc/AppCode/vendor/laravel/framework/src/Illuminate/Console/Application.php(92): Symfony\\Component\\Console\\Application->run(Object(Symfony\\Component\\Console\\Input\\ArgvInput), Object(Symfony\\Component\\Console\\Output\\ConsoleOutput))
#31 /home2/teraketc/AppCode/vendor/laravel/framework/src/Illuminate/Foundation/Console/Kernel.php(129): Illuminate\\Console\\Application->run(Object(Symfony\\Component\\Console\\Input\\ArgvInput), Object(Symfony\\Component\\Console\\Output\\ConsoleOutput))
#32 /home2/teraketc/AppCode/artisan(37): Illuminate\\Foundation\\Console\\Kernel->handle(Object(Symfony\\Component\\Console\\Input\\ArgvInput), Object(Symfony\\Component\\Console\\Output\\ConsoleOutput))
#33 {main}

[previous exception] [object] (PDOException(code: HY000): SQLSTATE[HY000]: General error: 1615 Prepared statement needs to be re-prepared at /home2/teraketc/AppCode/vendor/doctrine/dbal/lib/Doctrine/DBAL/Driver/PDOStatement.php:112)
[stacktrace]
#0 /home2/teraketc/AppCode/vendor/doctrine/dbal/lib/Doctrine/DBAL/Driver/PDOStatement.php(112): PDOStatement->execute(NULL)
#1 /home2/teraketc/AppCode/vendor/laravel/framework/src/Illuminate/Database/Connection.php(357): Doctrine\\DBAL\\Driver\\PDOStatement->execute()
#2 /home2/teraketc/AppCode/vendor/laravel/framework/src/Illuminate/Database/Connection.php(685): Illuminate\\Database\\Connection->Illuminate\\Database\\{closure}('select * from `...', Array)
#3 /home2/teraketc/AppCode/vendor/laravel/framework/src/Illuminate/Database/Connection.php(652): Illuminate\\Database\\Connection->runQueryCallback('select * from `...', Array, Object(Closure))
#4 /home2/teraketc/AppCode/vendor/laravel/framework/src/Illuminate/Database/Connection.php(360): Illuminate\\Database\\Connection->run('select * from `...', Array, Object(Closure))
#5 /home2/teraketc/AppCode/vendor/laravel/framework/src/Illuminate/Database/Query/Builder.php(2351): Illuminate\\Database\\Connection->select('select * from `...', Array, false)
#6 /home2/teraketc/AppCode/vendor/laravel/framework/src/Illuminate/Database/Query/Builder.php(2339): Illuminate\\Database\\Query\\Builder->runSelect()
#7 /home2/teraketc/AppCode/vendor/laravel/framework/src/Illuminate/Database/Query/Builder.php(2905): Illuminate\\Database\\Query\\Builder->Illuminate\\Database\\Query\\{closure}()
#8 /home2/teraketc/AppCode/vendor/laravel/framework/src/Illuminate/Database/Query/Builder.php(2340): Illuminate\\Database\\Query\\Builder->onceWithColumns(Array, Object(Closure))
#9 /home2/teraketc/AppCode/vendor/laravel/framework/src/Illuminate/Database/Concerns/BuildsQueries.php(257): Illuminate\\Database\\Query\\Builder->get(Array)
#10 /home2/teraketc/AppCode/vendor/laravel/framework/src/Illuminate/Queue/DatabaseQueue.php(241): Illuminate\\Database\\Query\\Builder->first()
#11 /home2/teraketc/AppCode/vendor/laravel/framework/src/Illuminate/Queue/DatabaseQueue.php(219): Illuminate\\Queue\\DatabaseQueue->getNextAvailableJob('high')
#12 /home2/teraketc/AppCode/vendor/laravel/framework/src/Illuminate/Database/Concerns/ManagesTransactions.php(29): Illuminate\\Queue\\DatabaseQueue->Illuminate\\Queue\\{closure}(Object(Illuminate\\Database\\MySqlConnection))
#13 /home2/teraketc/AppCode/vendor/laravel/framework/src/Illuminate/Queue/DatabaseQueue.php(222): Illuminate\\Database\\Connection->transaction(Object(Closure))
#14 /home2/teraketc/AppCode/vendor/laravel/framework/src/Illuminate/Queue/Worker.php(345): Illuminate\\Queue\\DatabaseQueue->pop('high')
#15 /home2/teraketc/AppCode/vendor/laravel/framework/src/Illuminate/Queue/Worker.php(354): Illuminate\\Queue\\Worker->Illuminate\\Queue\\{closure}('high')
#16 /home2/teraketc/AppCode/vendor/laravel/framework/src/Illuminate/Queue/Worker.php(159): Illuminate\\Queue\\Worker->getNextJob(Object(Illuminate\\Queue\\DatabaseQueue), 'high')
#17 /home2/teraketc/AppCode/vendor/laravel/framework/src/Illuminate/Queue/Console/WorkCommand.php(117): Illuminate\\Queue\\Worker->daemon('database', 'high,default,lo...', Object(Illuminate\\Queue\\WorkerOptions))
#18 /home2/teraketc/AppCode/vendor/laravel/framework/src/Illuminate/Queue/Console/WorkCommand.php(101): Illuminate\\Queue\\Console\\WorkCommand->runWorker('database', 'high,default,lo...')
#19 /home2/teraketc/AppCode/vendor/laravel/framework/src/Illuminate/Container/BoundMethod.php(36): Illuminate\\Queue\\Console\\WorkCommand->handle()
#20 /home2/teraketc/AppCode/vendor/laravel/framework/src/Illuminate/Container/Util.php(40): Illuminate\\Container\\BoundMethod::Illuminate\\Container\\{closure}()
#21 /home2/teraketc/AppCode/vendor/laravel/framework/src/Illuminate/Container/BoundMethod.php(93): Illuminate\\Container\\Util::unwrapIfClosure(Object(Closure))
#22 /home2/teraketc/AppCode/vendor/laravel/framework/src/Illuminate/Container/BoundMethod.php(37): Illuminate\\Container\\BoundMethod::callBoundMethod(Object(Illuminate\\Foundation\\Application), Array, Object(Closure))
#23 /home2/teraketc/AppCode/vendor/laravel/framework/src/Illuminate/Container/Container.php(651): Illuminate\\Container\\BoundMethod::call(Object(Illuminate\\Foundation\\Application), Array, Array, NULL)
#24 /home2/teraketc/AppCode/vendor/laravel/framework/src/Illuminate/Console/Command.php(136): Illuminate\\Container\\Container->call(Array)
#25 /home2/teraketc/AppCode/vendor/symfony/console/Command/Command.php(299): Illuminate\\Console\\Command->execute(Object(Symfony\\Component\\Console\\Input\\ArgvInput), Object(Illuminate\\Console\\OutputStyle))
#26 /home2/teraketc/AppCode/vendor/laravel/framework/src/Illuminate/Console/Command.php(121): Symfony\\Component\\Console\\Command\\Command->run(Object(Symfony\\Component\\Console\\Input\\ArgvInput), Object(Illuminate\\Console\\OutputStyle))
#27 /home2/teraketc/AppCode/vendor/symfony/console/Application.php(978): Illuminate\\Console\\Command->run(Object(Symfony\\Component\\Console\\Input\\ArgvInput), Object(Symfony\\Component\\Console\\Output\\ConsoleOutput))
#28 /home2/teraketc/AppCode/vendor/symfony/console/Application.php(295): Symfony\\Component\\Console\\Application->doRunCommand(Object(Illuminate\\Queue\\Console\\WorkCommand), Object(Symfony\\Component\\Console\\Input\\ArgvInput), Object(Symfony\\Component\\Console\\Output\\ConsoleOutput))
#29 /home2/teraketc/AppCode/vendor/symfony/console/Application.php(167): Symfony\\Component\\Console\\Application->doRun(Object(Symfony\\Component\\Console\\Input\\ArgvInput), Object(Symfony\\Component\\Console\\Output\\ConsoleOutput))
#30 /home2/teraketc/AppCode/vendor/laravel/framework/src/Illuminate/Console/Application.php(92): Symfony\\Component\\Console\\Application->run(Object(Symfony\\Component\\Console\\Input\\ArgvInput), Object(Symfony\\Component\\Console\\Output\\ConsoleOutput))
#31 /home2/teraketc/AppCode/vendor/laravel/framework/src/Illuminate/Foundation/Console/Kernel.php(129): Illuminate\\Console\\Application->run(Object(Symfony\\Component\\Console\\Input\\ArgvInput), Object(Symfony\\Component\\Console\\Output\\ConsoleOutput))
#32 /home2/teraketc/AppCode/artisan(37): Illuminate\\Foundation\\Console\\Kernel->handle(Object(Symfony\\Component\\Console\\Input\\ArgvInput), Object(Symfony\\Component\\Console\\Output\\ConsoleOutput))
#33 {main}
"} 
[2022-03-24 00:04:06] local.ERROR: SQLSTATE[HY000]: General error: 1615 Prepared statement needs to be re-prepared (SQL: select * from `jobs` where `queue` = high and ((`reserved_at` is null and `available_at` <= 1648064046) or (`reserved_at` <= 1648063956)) order by `id` asc limit 1 FOR UPDATE SKIP LOCKED) {"exception":"[object] (Illuminate\\Database\\QueryException(code: HY000): SQLSTATE[HY000]: General error: 1615 Prepared statement needs to be re-prepared (SQL: select * from `jobs` where `queue` = high and ((`reserved_at` is null and `available_at` <= 1648064046) or (`reserved_at` <= 1648063956)) order by `id` asc limit 1 FOR UPDATE SKIP LOCKED) at /home2/teraketc/AppCode/vendor/laravel/framework/src/Illuminate/Database/Connection.php:692)
[stacktrace]
#0 /home2/teraketc/AppCode/vendor/laravel/framework/src/Illuminate/Database/Connection.php(652): Illuminate\\Database\\Connection->runQueryCallback('select * from `...', Array, Object(Closure))
#1 /home2/teraketc/AppCode/vendor/laravel/framework/src/Illuminate/Database/Connection.php(360): Illuminate\\Database\\Connection->run('select * from `...', Array, Object(Closure))
#2 /home2/teraketc/AppCode/vendor/laravel/framework/src/Illuminate/Database/Query/Builder.php(2351): Illuminate\\Database\\Connection->select('select * from `...', Array, false)
#3 /home2/teraketc/AppCode/vendor/laravel/framework/src/Illuminate/Database/Query/Builder.php(2339): Illuminate\\Database\\Query\\Builder->runSelect()
#4 /home2/teraketc/AppCode/vendor/laravel/framework/src/Illuminate/Database/Query/Builder.php(2905): Illuminate\\Database\\Query\\Builder->Illuminate\\Database\\Query\\{closure}()
#5 /home2/teraketc/AppCode/vendor/laravel/framework/src/Illuminate/Database/Query/Builder.php(2340): Illuminate\\Database\\Query\\Builder->onceWithColumns(Array, Object(Closure))
#6 /home2/teraketc/AppCode/vendor/laravel/framework/src/Illuminate/Database/Concerns/BuildsQueries.php(257): Illuminate\\Database\\Query\\Builder->get(Array)
#7 /home2/teraketc/AppCode/vendor/laravel/framework/src/Illuminate/Queue/DatabaseQueue.php(241): Illuminate\\Database\\Query\\Builder->first()
#8 /home2/teraketc/AppCode/vendor/laravel/framework/src/Illuminate/Queue/DatabaseQueue.php(219): Illuminate\\Queue\\DatabaseQueue->getNextAvailableJob('high')
#9 /home2/teraketc/AppCode/vendor/laravel/framework/src/Illuminate/Database/Concerns/ManagesTransactions.php(29): Illuminate\\Queue\\DatabaseQueue->Illuminate\\Queue\\{closure}(Object(Illuminate\\Database\\MySqlConnection))
#10 /home2/teraketc/AppCode/vendor/laravel/framework/src/Illuminate/Queue/DatabaseQueue.php(222): Illuminate\\Database\\Connection->transaction(Object(Closure))
#11 /home2/teraketc/AppCode/vendor/laravel/framework/src/Illuminate/Queue/Worker.php(345): Illuminate\\Queue\\DatabaseQueue->pop('high')
#12 /home2/teraketc/AppCode/vendor/laravel/framework/src/Illuminate/Queue/Worker.php(354): Illuminate\\Queue\\Worker->Illuminate\\Queue\\{closure}('high')
#13 /home2/teraketc/AppCode/vendor/laravel/framework/src/Illuminate/Queue/Worker.php(159): Illuminate\\Queue\\Worker->getNextJob(Object(Illuminate\\Queue\\DatabaseQueue), 'high')
#14 /home2/teraketc/AppCode/vendor/laravel/framework/src/Illuminate/Queue/Console/WorkCommand.php(117): Illuminate\\Queue\\Worker->daemon('database', 'high,default,lo...', Object(Illuminate\\Queue\\WorkerOptions))
#15 /home2/teraketc/AppCode/vendor/laravel/framework/src/Illuminate/Queue/Console/WorkCommand.php(101): Illuminate\\Queue\\Console\\WorkCommand->runWorker('database', 'high,default,lo...')
#16 /home2/teraketc/AppCode/vendor/laravel/framework/src/Illuminate/Container/BoundMethod.php(36): Illuminate\\Queue\\Console\\WorkCommand->handle()
#17 /home2/teraketc/AppCode/vendor/laravel/framework/src/Illuminate/Container/Util.php(40): Illuminate\\Container\\BoundMethod::Illuminate\\Container\\{closure}()
#18 /home2/teraketc/AppCode/vendor/laravel/framework/src/Illuminate/Container/BoundMethod.php(93): Illuminate\\Container\\Util::unwrapIfClosure(Object(Closure))
#19 /home2/teraketc/AppCode/vendor/laravel/framework/src/Illuminate/Container/BoundMethod.php(37): Illuminate\\Container\\BoundMethod::callBoundMethod(Object(Illuminate\\Foundation\\Application), Array, Object(Closure))
#20 /home2/teraketc/AppCode/vendor/laravel/framework/src/Illuminate/Container/Container.php(651): Illuminate\\Container\\BoundMethod::call(Object(Illuminate\\Foundation\\Application), Array, Array, NULL)
#21 /home2/teraketc/AppCode/vendor/laravel/framework/src/Illuminate/Console/Command.php(136): Illuminate\\Container\\Container->call(Array)
#22 /home2/teraketc/AppCode/vendor/symfony/console/Command/Command.php(299): Illuminate\\Console\\Command->execute(Object(Symfony\\Component\\Console\\Input\\ArgvInput), Object(Illuminate\\Console\\OutputStyle))
#23 /home2/teraketc/AppCode/vendor/laravel/framework/src/Illuminate/Console/Command.php(121): Symfony\\Component\\Console\\Command\\Command->run(Object(Symfony\\Component\\Console\\Input\\ArgvInput), Object(Illuminate\\Console\\OutputStyle))
#24 /home2/teraketc/AppCode/vendor/symfony/console/Application.php(978): Illuminate\\Console\\Command->run(Object(Symfony\\Component\\Console\\Input\\ArgvInput), Object(Symfony\\Component\\Console\\Output\\ConsoleOutput))
#25 /home2/teraketc/AppCode/vendor/symfony/console/Application.php(295): Symfony\\Component\\Console\\Application->doRunCommand(Object(Illuminate\\Queue\\Console\\WorkCommand), Object(Symfony\\Component\\Console\\Input\\ArgvInput), Object(Symfony\\Component\\Console\\Output\\ConsoleOutput))
#26 /home2/teraketc/AppCode/vendor/symfony/console/Application.php(167): Symfony\\Component\\Console\\Application->doRun(Object(Symfony\\Component\\Console\\Input\\ArgvInput), Object(Symfony\\Component\\Console\\Output\\ConsoleOutput))
#27 /home2/teraketc/AppCode/vendor/laravel/framework/src/Illuminate/Console/Application.php(92): Symfony\\Component\\Console\\Application->run(Object(Symfony\\Component\\Console\\Input\\ArgvInput), Object(Symfony\\Component\\Console\\Output\\ConsoleOutput))
#28 /home2/teraketc/AppCode/vendor/laravel/framework/src/Illuminate/Foundation/Console/Kernel.php(129): Illuminate\\Console\\Application->run(Object(Symfony\\Component\\Console\\Input\\ArgvInput), Object(Symfony\\Component\\Console\\Output\\ConsoleOutput))
#29 /home2/teraketc/AppCode/artisan(37): Illuminate\\Foundation\\Console\\Kernel->handle(Object(Symfony\\Component\\Console\\Input\\ArgvInput), Object(Symfony\\Component\\Console\\Output\\ConsoleOutput))
#30 {main}

[previous exception] [object] (Doctrine\\DBAL\\Driver\\PDO\\Exception(code: HY000): SQLSTATE[HY000]: General error: 1615 Prepared statement needs to be re-prepared at /home2/teraketc/AppCode/vendor/doctrine/dbal/lib/Doctrine/DBAL/Driver/PDO/Exception.php:18)
[stacktrace]
#0 /home2/teraketc/AppCode/vendor/doctrine/dbal/lib/Doctrine/DBAL/Driver/PDOStatement.php(114): Doctrine\\DBAL\\Driver\\PDO\\Exception::new(Object(PDOException))
#1 /home2/teraketc/AppCode/vendor/laravel/framework/src/Illuminate/Database/Connection.php(357): Doctrine\\DBAL\\Driver\\PDOStatement->execute()
#2 /home2/teraketc/AppCode/vendor/laravel/framework/src/Illuminate/Database/Connection.php(685): Illuminate\\Database\\Connection->Illuminate\\Database\\{closure}('select * from `...', Array)
#3 /home2/teraketc/AppCode/vendor/laravel/framework/src/Illuminate/Database/Connection.php(652): Illuminate\\Database\\Connection->runQueryCallback('select * from `...', Array, Object(Closure))
#4 /home2/teraketc/AppCode/vendor/laravel/framework/src/Illuminate/Database/Connection.php(360): Illuminate\\Database\\Connection->run('select * from `...', Array, Object(Closure))
#5 /home2/teraketc/AppCode/vendor/laravel/framework/src/Illuminate/Database/Query/Builder.php(2351): Illuminate\\Database\\Connection->select('select * from `...', Array, false)
#6 /home2/teraketc/AppCode/vendor/laravel/framework/src/Illuminate/Database/Query/Builder.php(2339): Illuminate\\Database\\Query\\Builder->runSelect()
#7 /home2/teraketc/AppCode/vendor/laravel/framework/src/Illuminate/Database/Query/Builder.php(2905): Illuminate\\Database\\Query\\Builder->Illuminate\\Database\\Query\\{closure}()
#8 /home2/teraketc/AppCode/vendor/laravel/framework/src/Illuminate/Database/Query/Builder.php(2340): Illuminate\\Database\\Query\\Builder->onceWithColumns(Array, Object(Closure))
#9 /home2/teraketc/AppCode/vendor/laravel/framework/src/Illuminate/Database/Concerns/BuildsQueries.php(257): Illuminate\\Database\\Query\\Builder->get(Array)
#10 /home2/teraketc/AppCode/vendor/laravel/framework/src/Illuminate/Queue/DatabaseQueue.php(241): Illuminate\\Database\\Query\\Builder->first()
#11 /home2/teraketc/AppCode/vendor/laravel/framework/src/Illuminate/Queue/DatabaseQueue.php(219): Illuminate\\Queue\\DatabaseQueue->getNextAvailableJob('high')
#12 /home2/teraketc/AppCode/vendor/laravel/framework/src/Illuminate/Database/Concerns/ManagesTransactions.php(29): Illuminate\\Queue\\DatabaseQueue->Illuminate\\Queue\\{closure}(Object(Illuminate\\Database\\MySqlConnection))
#13 /home2/teraketc/AppCode/vendor/laravel/framework/src/Illuminate/Queue/DatabaseQueue.php(222): Illuminate\\Database\\Connection->transaction(Object(Closure))
#14 /home2/teraketc/AppCode/vendor/laravel/framework/src/Illuminate/Queue/Worker.php(345): Illuminate\\Queue\\DatabaseQueue->pop('high')
#15 /home2/teraketc/AppCode/vendor/laravel/framework/src/Illuminate/Queue/Worker.php(354): Illuminate\\Queue\\Worker->Illuminate\\Queue\\{closure}('high')
#16 /home2/teraketc/AppCode/vendor/laravel/framework/src/Illuminate/Queue/Worker.php(159): Illuminate\\Queue\\Worker->getNextJob(Object(Illuminate\\Queue\\DatabaseQueue), 'high')
#17 /home2/teraketc/AppCode/vendor/laravel/framework/src/Illuminate/Queue/Console/WorkCommand.php(117): Illuminate\\Queue\\Worker->daemon('database', 'high,default,lo...', Object(Illuminate\\Queue\\WorkerOptions))
#18 /home2/teraketc/AppCode/vendor/laravel/framework/src/Illuminate/Queue/Console/WorkCommand.php(101): Illuminate\\Queue\\Console\\WorkCommand->runWorker('database', 'high,default,lo...')
#19 /home2/teraketc/AppCode/vendor/laravel/framework/src/Illuminate/Container/BoundMethod.php(36): Illuminate\\Queue\\Console\\WorkCommand->handle()
#20 /home2/teraketc/AppCode/vendor/laravel/framework/src/Illuminate/Container/Util.php(40): Illuminate\\Container\\BoundMethod::Illuminate\\Container\\{closure}()
#21 /home2/teraketc/AppCode/vendor/laravel/framework/src/Illuminate/Container/BoundMethod.php(93): Illuminate\\Container\\Util::unwrapIfClosure(Object(Closure))
#22 /home2/teraketc/AppCode/vendor/laravel/framework/src/Illuminate/Container/BoundMethod.php(37): Illuminate\\Container\\BoundMethod::callBoundMethod(Object(Illuminate\\Foundation\\Application), Array, Object(Closure))
#23 /home2/teraketc/AppCode/vendor/laravel/framework/src/Illuminate/Container/Container.php(651): Illuminate\\Container\\BoundMethod::call(Object(Illuminate\\Foundation\\Application), Array, Array, NULL)
#24 /home2/teraketc/AppCode/vendor/laravel/framework/src/Illuminate/Console/Command.php(136): Illuminate\\Container\\Container->call(Array)
#25 /home2/teraketc/AppCode/vendor/symfony/console/Command/Command.php(299): Illuminate\\Console\\Command->execute(Object(Symfony\\Component\\Console\\Input\\ArgvInput), Object(Illuminate\\Console\\OutputStyle))
#26 /home2/teraketc/AppCode/vendor/laravel/framework/src/Illuminate/Console/Command.php(121): Symfony\\Component\\Console\\Command\\Command->run(Object(Symfony\\Component\\Console\\Input\\ArgvInput), Object(Illuminate\\Console\\OutputStyle))
#27 /home2/teraketc/AppCode/vendor/symfony/console/Application.php(978): Illuminate\\Console\\Command->run(Object(Symfony\\Component\\Console\\Input\\ArgvInput), Object(Symfony\\Component\\Console\\Output\\ConsoleOutput))
#28 /home2/teraketc/AppCode/vendor/symfony/console/Application.php(295): Symfony\\Component\\Console\\Application->doRunCommand(Object(Illuminate\\Queue\\Console\\WorkCommand), Object(Symfony\\Component\\Console\\Input\\ArgvInput), Object(Symfony\\Component\\Console\\Output\\ConsoleOutput))
#29 /home2/teraketc/AppCode/vendor/symfony/console/Application.php(167): Symfony\\Component\\Console\\Application->doRun(Object(Symfony\\Component\\Console\\Input\\ArgvInput), Object(Symfony\\Component\\Console\\Output\\ConsoleOutput))
#30 /home2/teraketc/AppCode/vendor/laravel/framework/src/Illuminate/Console/Application.php(92): Symfony\\Component\\Console\\Application->run(Object(Symfony\\Component\\Console\\Input\\ArgvInput), Object(Symfony\\Component\\Console\\Output\\ConsoleOutput))
#31 /home2/teraketc/AppCode/vendor/laravel/framework/src/Illuminate/Foundation/Console/Kernel.php(129): Illuminate\\Console\\Application->run(Object(Symfony\\Component\\Console\\Input\\ArgvInput), Object(Symfony\\Component\\Console\\Output\\ConsoleOutput))
#32 /home2/teraketc/AppCode/artisan(37): Illuminate\\Foundation\\Console\\Kernel->handle(Object(Symfony\\Component\\Console\\Input\\ArgvInput), Object(Symfony\\Component\\Console\\Output\\ConsoleOutput))
#33 {main}

[previous exception] [object] (PDOException(code: HY000): SQLSTATE[HY000]: General error: 1615 Prepared statement needs to be re-prepared at /home2/teraketc/AppCode/vendor/doctrine/dbal/lib/Doctrine/DBAL/Driver/PDOStatement.php:112)
[stacktrace]
#0 /home2/teraketc/AppCode/vendor/doctrine/dbal/lib/Doctrine/DBAL/Driver/PDOStatement.php(112): PDOStatement->execute(NULL)
#1 /home2/teraketc/AppCode/vendor/laravel/framework/src/Illuminate/Database/Connection.php(357): Doctrine\\DBAL\\Driver\\PDOStatement->execute()
#2 /home2/teraketc/AppCode/vendor/laravel/framework/src/Illuminate/Database/Connection.php(685): Illuminate\\Database\\Connection->Illuminate\\Database\\{closure}('select * from `...', Array)
#3 /home2/teraketc/AppCode/vendor/laravel/framework/src/Illuminate/Database/Connection.php(652): Illuminate\\Database\\Connection->runQueryCallback('select * from `...', Array, Object(Closure))
#4 /home2/teraketc/AppCode/vendor/laravel/framework/src/Illuminate/Database/Connection.php(360): Illuminate\\Database\\Connection->run('select * from `...', Array, Object(Closure))
#5 /home2/teraketc/AppCode/vendor/laravel/framework/src/Illuminate/Database/Query/Builder.php(2351): Illuminate\\Database\\Connection->select('select * from `...', Array, false)
#6 /home2/teraketc/AppCode/vendor/laravel/framework/src/Illuminate/Database/Query/Builder.php(2339): Illuminate\\Database\\Query\\Builder->runSelect()
#7 /home2/teraketc/AppCode/vendor/laravel/framework/src/Illuminate/Database/Query/Builder.php(2905): Illuminate\\Database\\Query\\Builder->Illuminate\\Database\\Query\\{closure}()
#8 /home2/teraketc/AppCode/vendor/laravel/framework/src/Illuminate/Database/Query/Builder.php(2340): Illuminate\\Database\\Query\\Builder->onceWithColumns(Array, Object(Closure))
#9 /home2/teraketc/AppCode/vendor/laravel/framework/src/Illuminate/Database/Concerns/BuildsQueries.php(257): Illuminate\\Database\\Query\\Builder->get(Array)
#10 /home2/teraketc/AppCode/vendor/laravel/framework/src/Illuminate/Queue/DatabaseQueue.php(241): Illuminate\\Database\\Query\\Builder->first()
#11 /home2/teraketc/AppCode/vendor/laravel/framework/src/Illuminate/Queue/DatabaseQueue.php(219): Illuminate\\Queue\\DatabaseQueue->getNextAvailableJob('high')
#12 /home2/teraketc/AppCode/vendor/laravel/framework/src/Illuminate/Database/Concerns/ManagesTransactions.php(29): Illuminate\\Queue\\DatabaseQueue->Illuminate\\Queue\\{closure}(Object(Illuminate\\Database\\MySqlConnection))
#13 /home2/teraketc/AppCode/vendor/laravel/framework/src/Illuminate/Queue/DatabaseQueue.php(222): Illuminate\\Database\\Connection->transaction(Object(Closure))
#14 /home2/teraketc/AppCode/vendor/laravel/framework/src/Illuminate/Queue/Worker.php(345): Illuminate\\Queue\\DatabaseQueue->pop('high')
#15 /home2/teraketc/AppCode/vendor/laravel/framework/src/Illuminate/Queue/Worker.php(354): Illuminate\\Queue\\Worker->Illuminate\\Queue\\{closure}('high')
#16 /home2/teraketc/AppCode/vendor/laravel/framework/src/Illuminate/Queue/Worker.php(159): Illuminate\\Queue\\Worker->getNextJob(Object(Illuminate\\Queue\\DatabaseQueue), 'high')
#17 /home2/teraketc/AppCode/vendor/laravel/framework/src/Illuminate/Queue/Console/WorkCommand.php(117): Illuminate\\Queue\\Worker->daemon('database', 'high,default,lo...', Object(Illuminate\\Queue\\WorkerOptions))
#18 /home2/teraketc/AppCode/vendor/laravel/framework/src/Illuminate/Queue/Console/WorkCommand.php(101): Illuminate\\Queue\\Console\\WorkCommand->runWorker('database', 'high,default,lo...')
#19 /home2/teraketc/AppCode/vendor/laravel/framework/src/Illuminate/Container/BoundMethod.php(36): Illuminate\\Queue\\Console\\WorkCommand->handle()
#20 /home2/teraketc/AppCode/vendor/laravel/framework/src/Illuminate/Container/Util.php(40): Illuminate\\Container\\BoundMethod::Illuminate\\Container\\{closure}()
#21 /home2/teraketc/AppCode/vendor/laravel/framework/src/Illuminate/Container/BoundMethod.php(93): Illuminate\\Container\\Util::unwrapIfClosure(Object(Closure))
#22 /home2/teraketc/AppCode/vendor/laravel/framework/src/Illuminate/Container/BoundMethod.php(37): Illuminate\\Container\\BoundMethod::callBoundMethod(Object(Illuminate\\Foundation\\Application), Array, Object(Closure))
#23 /home2/teraketc/AppCode/vendor/laravel/framework/src/Illuminate/Container/Container.php(651): Illuminate\\Container\\BoundMethod::call(Object(Illuminate\\Foundation\\Application), Array, Array, NULL)
#24 /home2/teraketc/AppCode/vendor/laravel/framework/src/Illuminate/Console/Command.php(136): Illuminate\\Container\\Container->call(Array)
#25 /home2/teraketc/AppCode/vendor/symfony/console/Command/Command.php(299): Illuminate\\Console\\Command->execute(Object(Symfony\\Component\\Console\\Input\\ArgvInput), Object(Illuminate\\Console\\OutputStyle))
#26 /home2/teraketc/AppCode/vendor/laravel/framework/src/Illuminate/Console/Command.php(121): Symfony\\Component\\Console\\Command\\Command->run(Object(Symfony\\Component\\Console\\Input\\ArgvInput), Object(Illuminate\\Console\\OutputStyle))
#27 /home2/teraketc/AppCode/vendor/symfony/console/Application.php(978): Illuminate\\Console\\Command->run(Object(Symfony\\Component\\Console\\Input\\ArgvInput), Object(Symfony\\Component\\Console\\Output\\ConsoleOutput))
#28 /home2/teraketc/AppCode/vendor/symfony/console/Application.php(295): Symfony\\Component\\Console\\Application->doRunCommand(Object(Illuminate\\Queue\\Console\\WorkCommand), Object(Symfony\\Component\\Console\\Input\\ArgvInput), Object(Symfony\\Component\\Console\\Output\\ConsoleOutput))
#29 /home2/teraketc/AppCode/vendor/symfony/console/Application.php(167): Symfony\\Component\\Console\\Application->doRun(Object(Symfony\\Component\\Console\\Input\\ArgvInput), Object(Symfony\\Component\\Console\\Output\\ConsoleOutput))
#30 /home2/teraketc/AppCode/vendor/laravel/framework/src/Illuminate/Console/Application.php(92): Symfony\\Component\\Console\\Application->run(Object(Symfony\\Component\\Console\\Input\\ArgvInput), Object(Symfony\\Component\\Console\\Output\\ConsoleOutput))
#31 /home2/teraketc/AppCode/vendor/laravel/framework/src/Illuminate/Foundation/Console/Kernel.php(129): Illuminate\\Console\\Application->run(Object(Symfony\\Component\\Console\\Input\\ArgvInput), Object(Symfony\\Component\\Console\\Output\\ConsoleOutput))
#32 /home2/teraketc/AppCode/artisan(37): Illuminate\\Foundation\\Console\\Kernel->handle(Object(Symfony\\Component\\Console\\Input\\ArgvInput), Object(Symfony\\Component\\Console\\Output\\ConsoleOutput))
#33 {main}
"} 
